<?xml version="1.0" encoding="UTF-8"?>
<testng-results ignored="0" total="1" passed="1" failed="0" skipped="0">
  <reporter-output>
  </reporter-output>
  <suite started-at="2024-01-24T22:29:17 IST" name="Default suite" finished-at="2024-01-24T22:29:21 IST" duration-ms="3559">
    <groups>
    </groups>
    <test started-at="2024-01-24T22:29:17 IST" name="Default test" finished-at="2024-01-24T22:29:21 IST" duration-ms="3559">
      <class name="com.stqa.practical.fourteen.assertNull">
        <test-method signature="testAssertFunctions()[pri:0, instance:com.stqa.practical.fourteen.assertNull@50ad3bc1]" started-at="2024-01-24T22:29:18 IST" name="testAssertFunctions" finished-at="2024-01-24T22:29:21 IST" duration-ms="3537" status="PASS">
          <reporter-output>
          </reporter-output>
        </test-method> <!-- testAssertFunctions -->
      </class> <!-- com.stqa.practical.fourteen.assertNull -->
    </test> <!-- Default test -->
  </suite> <!-- Default suite -->
</testng-results>
