<?xml version="1.0" encoding="UTF-8"?>
<!-- Generated by org.testng.reporters.JUnitXMLReporter -->
<testsuite ignored="0" hostname="ATUL-DESKTOP" failures="0" tests="3" name="Default test" time="0.034" errors="0" timestamp="2024-01-24T22:00:20 IST">
  <testcase classname="com.stqa.practical.twelve.AnnotationTestNG" name="composemail" time="0.004"/>
  <testcase classname="com.stqa.practical.twelve.AnnotationTestNG" name="deletemain" time="0.0"/>
  <testcase classname="com.stqa.practical.twelve.AnnotationTestNG" name="searchmail" time="0.0"/>
</testsuite> <!-- Default test -->
