<?xml version="1.0" encoding="UTF-8"?>
<testng-results ignored="0" total="3" passed="3" failed="0" skipped="0">
  <reporter-output>
  </reporter-output>
  <suite started-at="2024-01-24T22:00:20 IST" name="Default suite" finished-at="2024-01-24T22:00:20 IST" duration-ms="34">
    <groups>
    </groups>
    <test started-at="2024-01-24T22:00:20 IST" name="Default test" finished-at="2024-01-24T22:00:20 IST" duration-ms="34">
      <class name="com.stqa.practical.twelve.AnnotationTestNG">
        <test-method is-config="true" signature="launchbrowser()[pri:0, instance:com.stqa.practical.twelve.AnnotationTestNG@f736069]" started-at="2024-01-24T22:00:20 IST" name="launchbrowser" finished-at="2024-01-24T22:00:20 IST" duration-ms="4" status="PASS">
          <reporter-output>
          </reporter-output>
        </test-method> <!-- launchbrowser -->
        <test-method signature="composemail()[pri:0, instance:com.stqa.practical.twelve.AnnotationTestNG@f736069]" started-at="2024-01-24T22:00:20 IST" name="composemail" finished-at="2024-01-24T22:00:20 IST" duration-ms="4" status="PASS">
          <reporter-output>
          </reporter-output>
        </test-method> <!-- composemail -->
        <test-method is-config="true" signature="login()[pri:0, instance:com.stqa.practical.twelve.AnnotationTestNG@f736069]" started-at="2024-01-24T22:00:20 IST" name="login" finished-at="2024-01-24T22:00:20 IST" duration-ms="0" status="PASS">
          <reporter-output>
          </reporter-output>
        </test-method> <!-- login -->
        <test-method is-config="true" signature="loginout()[pri:0, instance:com.stqa.practical.twelve.AnnotationTestNG@f736069]" started-at="2024-01-24T22:00:20 IST" name="loginout" finished-at="2024-01-24T22:00:20 IST" duration-ms="0" status="PASS">
          <reporter-output>
          </reporter-output>
        </test-method> <!-- loginout -->
        <test-method is-config="true" signature="login()[pri:0, instance:com.stqa.practical.twelve.AnnotationTestNG@f736069]" started-at="2024-01-24T22:00:20 IST" name="login" finished-at="2024-01-24T22:00:20 IST" duration-ms="0" status="PASS">
          <reporter-output>
          </reporter-output>
        </test-method> <!-- login -->
        <test-method signature="deletemain()[pri:0, instance:com.stqa.practical.twelve.AnnotationTestNG@f736069]" started-at="2024-01-24T22:00:20 IST" name="deletemain" finished-at="2024-01-24T22:00:20 IST" duration-ms="0" status="PASS">
          <reporter-output>
          </reporter-output>
        </test-method> <!-- deletemain -->
        <test-method is-config="true" signature="loginout()[pri:0, instance:com.stqa.practical.twelve.AnnotationTestNG@f736069]" started-at="2024-01-24T22:00:20 IST" name="loginout" finished-at="2024-01-24T22:00:20 IST" duration-ms="0" status="PASS">
          <reporter-output>
          </reporter-output>
        </test-method> <!-- loginout -->
        <test-method is-config="true" signature="login()[pri:0, instance:com.stqa.practical.twelve.AnnotationTestNG@f736069]" started-at="2024-01-24T22:00:20 IST" name="login" finished-at="2024-01-24T22:00:20 IST" duration-ms="1" status="PASS">
          <reporter-output>
          </reporter-output>
        </test-method> <!-- login -->
        <test-method signature="searchmail()[pri:0, instance:com.stqa.practical.twelve.AnnotationTestNG@f736069]" started-at="2024-01-24T22:00:20 IST" name="searchmail" finished-at="2024-01-24T22:00:20 IST" duration-ms="0" status="PASS">
          <reporter-output>
          </reporter-output>
        </test-method> <!-- searchmail -->
        <test-method is-config="true" signature="loginout()[pri:0, instance:com.stqa.practical.twelve.AnnotationTestNG@f736069]" started-at="2024-01-24T22:00:20 IST" name="loginout" finished-at="2024-01-24T22:00:20 IST" duration-ms="0" status="PASS">
          <reporter-output>
          </reporter-output>
        </test-method> <!-- loginout -->
        <test-method is-config="true" signature="quitbrowser()[pri:0, instance:com.stqa.practical.twelve.AnnotationTestNG@f736069]" started-at="2024-01-24T22:00:20 IST" name="quitbrowser" finished-at="2024-01-24T22:00:20 IST" duration-ms="1" status="PASS">
          <reporter-output>
          </reporter-output>
        </test-method> <!-- quitbrowser -->
      </class> <!-- com.stqa.practical.twelve.AnnotationTestNG -->
    </test> <!-- Default test -->
  </suite> <!-- Default suite -->
</testng-results>
