<?xml version="1.0" encoding="UTF-8"?>
<!-- Generated by org.testng.reporters.JUnitXMLReporter -->
<testsuite ignored="0" hostname="Atul-Laptop" failures="0" tests="3" name="Default test" time="0.121" errors="0" timestamp="2024-01-16T11:29:33 IST">
  <testcase classname="testNG.TestNGTestOne" name="composemail" time="0.012"/>
  <testcase classname="testNG.TestNGTestOne" name="deletemain" time="0.008"/>
  <testcase classname="testNG.TestNGTestOne" name="searchmail" time="0.005"/>
</testsuite> <!-- Default test -->
